Using config:
{'B_VALIDATION': False,
 'CONFIG_NAME': 'attn2',
 'CUDA': True,
 'DATASET_NAME': 'birds',
 'DATA_DIR': '../data/birds',
 'GAN': {'B_ATTENTION': True,
         'B_DCGAN': False,
         'CONDITION_DIM': 100,
         'DF_DIM': 64,
         'GF_DIM': 32,
         'R_NUM': 2,
         'Z_DIM': 100},
 'GPU_ID': 0,
 'RNN_TYPE': 'LSTM',
 'TEXT': {'CAPTIONS_PER_IMAGE': 10, 'EMBEDDING_DIM': 256, 'WORDS_NUM': 18},
 'TRAIN': {'BATCH_SIZE': 20,
           'B_NET_D': True,
           'DISCRIMINATOR_LR': 0.0002,
           'ENCODER_LR': 0.0002,
           'FLAG': True,
           'GENERATOR_LR': 0.0002,
           'MAX_EPOCH': 600,
           'NET_E': '../DAMSMencoders/bird/text_encoder200.pth',
           'NET_G': '',
           'RNN_GRAD_CLIP': 0.25,
           'SMOOTH': {'GAMMA1': 4.0,
                      'GAMMA2': 5.0,
                      'GAMMA3': 10.0,
                      'LAMBDA': 5.0},
           'SNAPSHOT_INTERVAL': 50},
 'TREE': {'BASE_SIZE': 64, 'BRANCH_NUM': 3},
 'WORKERS': 4}
Total filenames:  11788 001.Black_footed_Albatross/Black_Footed_Albatross_0046_18.jpg
Load filenames from: ../data/birds/train/filenames.pickle (8855)
Load filenames from: ../data/birds/test/filenames.pickle (2933)
Load from:  ../data/birds/captions.pickle
Load pretrained model from  https://download.pytorch.org/models/inception_v3_google-1a9a5a14.pth
Load image encoder from: ../DAMSMencoders/bird/image_encoder200.pth
Load text encoder from: ../DAMSMencoders/bird/text_encoder200.pth
# of netsD 3
/space1/home/xingzn/Code/AttnGAN/code/miscc/config.py:104: YAMLLoadWarning: calling yaml.load() without Loader=... is deprecated, as the default Loader is unsafe. Please read https://msg.pyyaml.org/load for full details.
  yaml_cfg = edict(yaml.load(f))
/space1/home/xingzn/anaconda3/envs/torch1.0/lib/python3.7/site-packages/torchvision/transforms/transforms.py:207: UserWarning: The use of the transforms.Scale transform is deprecated, please use transforms.Resize instead.
  warnings.warn("The use of the transforms.Scale transform is deprecated, " +
/space1/home/xingzn/anaconda3/envs/torch1.0/lib/python3.7/site-packages/torch/nn/modules/rnn.py:54: UserWarning: dropout option adds dropout after all but last recurrent layer, so non-zero dropout expects num_layers greater than 1, but got dropout=0.5 and num_layers=1
  "num_layers={}".format(dropout, num_layers))
/space1/home/xingzn/Code/AttnGAN/code/miscc/utils.py:295: UserWarning: nn.init.orthogonal is now deprecated in favor of nn.init.orthogonal_.
  nn.init.orthogonal(m.weight.data, 1.0)
/space1/home/xingzn/Code/AttnGAN/code/miscc/utils.py:290: UserWarning: nn.init.orthogonal is now deprecated in favor of nn.init.orthogonal_.
  nn.init.orthogonal(m.weight.data, 1.0)
errD0: 0.70 errD1: 0.76 errD2: 0.69 
g_loss0: 7.86 g_loss1: 6.56 g_loss2: 7.24 w_loss: 27.71 s_loss: 27.19 kl_loss: 0.01 
errD0: 0.97 errD1: 1.59 errD2: 1.86 
g_loss0: 4.13 g_loss1: 1.13 g_loss2: 2.92 w_loss: 28.28 s_loss: 28.19 kl_loss: 0.01 
errD0: 0.74 errD1: 0.72 errD2: 0.84 
g_loss0: 7.32 g_loss1: 5.10 g_loss2: 4.74 w_loss: 19.89 s_loss: 24.43 kl_loss: 0.01 
errD0: 0.76 errD1: 0.65 errD2: 0.65 
g_loss0: 9.58 g_loss1: 8.55 g_loss2: 10.66 w_loss: 19.79 s_loss: 25.04 kl_loss: 0.01 
[0/600][442]
                  Loss_D: 5.47 Loss_G: 68.46 Time: 482.22s
Save G/Ds models.
/space1/home/xingzn/anaconda3/envs/torch1.0/lib/python3.7/site-packages/torch/nn/functional.py:1386: UserWarning: nn.functional.sigmoid is deprecated. Use torch.sigmoid instead.
  warnings.warn("nn.functional.sigmoid is deprecated. Use torch.sigmoid instead.")
/space1/home/xingzn/Code/AttnGAN/code/GlobalAttention.py:109: UserWarning: Implicit dimension choice for softmax has been deprecated. Change the call to include dim=X as an argument.
  attn = self.sm(attn)  # Eq. (2)
/space1/home/xingzn/anaconda3/envs/torch1.0/lib/python3.7/site-packages/torch/nn/functional.py:2539: UserWarning: Default upsampling behavior when mode=bilinear is changed to align_corners=False since 0.4.0. Please specify align_corners=True if the old behavior is desired. See the documentation of nn.Upsample for details.
  "See the documentation of nn.Upsample for details.".format(mode))
/space1/home/xingzn/Code/AttnGAN/code/GlobalAttention.py:51: UserWarning: Implicit dimension choice for softmax has been deprecated. Change the call to include dim=X as an argument.
  attn = nn.Softmax()(attn)  # Eq. (8)
/space1/home/xingzn/Code/AttnGAN/code/GlobalAttention.py:60: UserWarning: Implicit dimension choice for softmax has been deprecated. Change the call to include dim=X as an argument.
  attn = nn.Softmax()(attn)
errD0: 0.66 errD1: 0.72 errD2: 0.66 
g_loss0: 6.84 g_loss1: 6.46 g_loss2: 5.87 w_loss: 19.94 s_loss: 23.00 kl_loss: 0.01 
errD0: 0.67 errD1: 0.64 errD2: 0.62 
g_loss0: 9.54 g_loss1: 9.07 g_loss2: 8.24 w_loss: 16.12 s_loss: 20.95 kl_loss: 0.02 
errD0: 0.64 errD1: 1.12 errD2: 0.59 
g_loss0: 14.75 g_loss1: 1.75 g_loss2: 9.20 w_loss: 19.19 s_loss: 22.22 kl_loss: 0.01 
errD0: 0.73 errD1: 1.37 errD2: 1.32 
g_loss0: 6.18 g_loss1: 1.57 g_loss2: 4.77 w_loss: 15.84 s_loss: 19.44 kl_loss: 0.01 
[1/600][442]
                  Loss_D: 2.33 Loss_G: 61.68 Time: 428.73s
errD0: 0.62 errD1: 0.70 errD2: 1.32 
g_loss0: 12.32 g_loss1: 6.97 g_loss2: 1.64 w_loss: 19.70 s_loss: 20.52 kl_loss: 0.01 
errD0: 0.71 errD1: 0.80 errD2: 0.57 
g_loss0: 14.45 g_loss1: 8.07 g_loss2: 12.98 w_loss: 15.65 s_loss: 21.81 kl_loss: 0.02 
errD0: 0.53 errD1: 0.76 errD2: 1.18 
g_loss0: 9.61 g_loss1: 4.53 g_loss2: 1.70 w_loss: 19.49 s_loss: 21.72 kl_loss: 0.03 
errD0: 0.57 errD1: 0.54 errD2: 0.61 
g_loss0: 12.34 g_loss1: 9.53 g_loss2: 12.18 w_loss: 23.28 s_loss: 23.28 kl_loss: 0.03 
errD0: 0.61 errD1: 0.64 errD2: 1.21 
g_loss0: 9.72 g_loss1: 8.04 g_loss2: 5.56 w_loss: 13.11 s_loss: 20.42 kl_loss: 0.02 
[2/600][442]
                  Loss_D: 2.15 Loss_G: 65.68 Time: 467.94s
errD0: 0.58 errD1: 0.59 errD2: 0.68 
g_loss0: 9.64 g_loss1: 9.63 g_loss2: 6.85 w_loss: 14.07 s_loss: 23.50 kl_loss: 0.03 
errD0: 0.58 errD1: 5.37 errD2: 0.60 
g_loss0: 11.48 g_loss1: 1.87 g_loss2: 7.03 w_loss: 14.61 s_loss: 23.01 kl_loss: 0.03 
errD0: 0.86 errD1: 0.90 errD2: 0.54 
g_loss0: 1.89 g_loss1: 15.59 g_loss2: 9.14 w_loss: 12.85 s_loss: 21.13 kl_loss: 0.04 
errD0: 0.87 errD1: 0.73 errD2: 0.56 
g_loss0: 12.95 g_loss1: 4.96 g_loss2: 15.55 w_loss: 17.41 s_loss: 20.50 kl_loss: 0.04 
[3/600][442]
                  Loss_D: 2.82 Loss_G: 51.78 Time: 431.90s
errD0: 0.78 errD1: 0.61 errD2: 0.81 
g_loss0: 9.56 g_loss1: 9.31 g_loss2: 5.02 w_loss: 13.30 s_loss: 17.21 kl_loss: 0.05 
errD0: 0.51 errD1: 0.70 errD2: 0.58 
g_loss0: 14.29 g_loss1: 7.47 g_loss2: 8.51 w_loss: 14.91 s_loss: 18.45 kl_loss: 0.07 
errD0: 0.67 errD1: 0.66 errD2: 0.68 
g_loss0: 10.41 g_loss1: 9.14 g_loss2: 9.12 w_loss: 17.10 s_loss: 20.69 kl_loss: 0.07 
errD0: 0.93 errD1: 0.77 errD2: 0.66 
g_loss0: 9.19 g_loss1: 8.37 g_loss2: 8.82 w_loss: 16.49 s_loss: 22.67 kl_loss: 0.07 
errD0: 0.48 errD1: 0.67 errD2: 0.53 
g_loss0: 12.86 g_loss1: 8.41 g_loss2: 8.25 w_loss: 17.39 s_loss: 17.30 kl_loss: 0.08 
[4/600][442]
                  Loss_D: 1.65 Loss_G: 65.40 Time: 485.58s
errD0: 0.49 errD1: 0.85 errD2: 0.63 
g_loss0: 14.13 g_loss1: 6.93 g_loss2: 7.98 w_loss: 9.08 s_loss: 17.55 kl_loss: 0.08 
errD0: 0.56 errD1: 1.10 errD2: 1.18 
g_loss0: 8.56 g_loss1: 5.19 g_loss2: 1.61 w_loss: 12.07 s_loss: 17.22 kl_loss: 0.08 
errD0: 0.63 errD1: 0.97 errD2: 0.58 
g_loss0: 11.92 g_loss1: 11.15 g_loss2: 7.95 w_loss: 15.85 s_loss: 21.55 kl_loss: 0.07 
errD0: 0.40 errD1: 0.60 errD2: 0.95 
g_loss0: 10.93 g_loss1: 11.63 g_loss2: 3.98 w_loss: 11.66 s_loss: 18.15 kl_loss: 0.08 
[5/600][442]
                  Loss_D: 1.65 Loss_G: 53.88 Time: 423.50s
errD0: 0.67 errD1: 0.70 errD2: 0.62 
g_loss0: 8.53 g_loss1: 10.54 g_loss2: 6.90 w_loss: 10.82 s_loss: 16.13 kl_loss: 0.07 
errD0: 0.44 errD1: 0.76 errD2: 0.63 
g_loss0: 8.74 g_loss1: 8.60 g_loss2: 5.65 w_loss: 13.66 s_loss: 17.36 kl_loss: 0.12 
errD0: 0.60 errD1: 0.64 errD2: 1.09 
g_loss0: 8.71 g_loss1: 7.53 g_loss2: 0.81 w_loss: 13.76 s_loss: 18.26 kl_loss: 0.11 
errD0: 0.36 errD1: 0.57 errD2: 1.16 
g_loss0: 11.01 g_loss1: 11.83 g_loss2: 3.47 w_loss: 10.82 s_loss: 18.18 kl_loss: 0.07 
[6/600][442]
                  Loss_D: 3.67 Loss_G: 49.16 Time: 482.72s
errD0: 0.51 errD1: 0.77 errD2: 0.79 
g_loss0: 10.38 g_loss1: 9.47 g_loss2: 4.95 w_loss: 10.22 s_loss: 16.30 kl_loss: 0.10 
errD0: 0.41 errD1: 0.70 errD2: 2.55 
g_loss0: 11.85 g_loss1: 6.30 g_loss2: 1.42 w_loss: 11.28 s_loss: 15.40 kl_loss: 0.10 
errD0: 0.52 errD1: 1.03 errD2: 1.05 
g_loss0: 9.82 g_loss1: 2.47 g_loss2: 2.69 w_loss: 10.68 s_loss: 18.84 kl_loss: 0.13 
errD0: 0.78 errD1: 1.25 errD2: 0.92 
g_loss0: 9.37 g_loss1: 15.74 g_loss2: 4.93 w_loss: 15.62 s_loss: 20.37 kl_loss: 0.17 
errD0: 0.67 errD1: 0.56 errD2: 1.16 
g_loss0: 7.09 g_loss1: 8.01 g_loss2: 2.63 w_loss: 11.09 s_loss: 17.87 kl_loss: 0.13 
[7/600][442]
                  Loss_D: 2.73 Loss_G: 46.31 Time: 423.12s
errD0: 0.49 errD1: 0.63 errD2: 0.77 
g_loss0: 10.94 g_loss1: 13.67 g_loss2: 12.03 w_loss: 16.91 s_loss: 18.99 kl_loss: 0.10 
errD0: 0.68 errD1: 0.65 errD2: 0.63 
g_loss0: 13.61 g_loss1: 8.15 g_loss2: 12.63 w_loss: 13.49 s_loss: 19.98 kl_loss: 0.12 
errD0: 0.45 errD1: 0.67 errD2: 0.63 
g_loss0: 9.83 g_loss1: 8.12 g_loss2: 8.99 w_loss: 13.47 s_loss: 18.21 kl_loss: 0.16 
errD0: 0.87 errD1: 0.96 errD2: 0.58 
g_loss0: 14.71 g_loss1: 4.31 g_loss2: 9.80 w_loss: 10.74 s_loss: 16.07 kl_loss: 0.13 
[8/600][442]
                  Loss_D: 3.46 Loss_G: 45.28 Time: 428.38s
errD0: 0.62 errD1: 0.71 errD2: 2.06 
g_loss0: 4.44 g_loss1: 9.34 g_loss2: 1.92 w_loss: 10.40 s_loss: 16.59 kl_loss: 0.12 
errD0: 0.73 errD1: 0.84 errD2: 0.54 
g_loss0: 9.34 g_loss1: 6.91 g_loss2: 5.21 w_loss: 10.04 s_loss: 16.95 kl_loss: 0.11 
errD0: 0.47 errD1: 0.52 errD2: 0.62 
g_loss0: 8.19 g_loss1: 9.54 g_loss2: 4.20 w_loss: 13.82 s_loss: 18.76 kl_loss: 0.17 
errD0: 0.77 errD1: 1.12 errD2: 0.70 
g_loss0: 11.25 g_loss1: 11.57 g_loss2: 6.99 w_loss: 13.44 s_loss: 17.62 kl_loss: 0.11 
errD0: 0.90 errD1: 0.52 errD2: 0.66 
g_loss0: 6.78 g_loss1: 9.57 g_loss2: 8.31 w_loss: 9.71 s_loss: 18.27 kl_loss: 0.16 
[9/600][442]
                  Loss_D: 2.33 Loss_G: 57.05 Time: 472.69s
errD0: 0.32 errD1: 0.81 errD2: 0.50 
g_loss0: 11.06 g_loss1: 10.03 g_loss2: 8.14 w_loss: 10.87 s_loss: 15.10 kl_loss: 0.20 
errD0: 1.08 errD1: 0.72 errD2: 0.75 
g_loss0: 13.59 g_loss1: 4.35 g_loss2: 5.98 w_loss: 13.44 s_loss: 16.90 kl_loss: 0.18 
errD0: 0.67 errD1: 1.03 errD2: 2.92 
g_loss0: 14.33 g_loss1: 5.90 g_loss2: 2.81 w_loss: 11.30 s_loss: 17.36 kl_loss: 0.13 
errD0: 0.75 errD1: 0.71 errD2: 0.74 
g_loss0: 9.41 g_loss1: 5.70 g_loss2: 6.49 w_loss: 11.46 s_loss: 17.89 kl_loss: 0.20 
[10/600][442]
                  Loss_D: 1.85 Loss_G: 54.67 Time: 436.37s
errD0: 0.73 errD1: 0.48 errD2: 0.91 
g_loss0: 10.23 g_loss1: 7.11 g_loss2: 9.70 w_loss: 12.79 s_loss: 18.51 kl_loss: 0.16 
errD0: 0.51 errD1: 0.74 errD2: 0.62 
g_loss0: 7.81 g_loss1: 13.25 g_loss2: 12.37 w_loss: 10.45 s_loss: 19.02 kl_loss: 0.15 
errD0: 0.69 errD1: 0.40 errD2: 0.53 
g_loss0: 1.09 g_loss1: 10.47 g_loss2: 3.86 w_loss: 11.32 s_loss: 16.47 kl_loss: 0.16 
errD0: 0.71 errD1: 0.43 errD2: 0.77 
g_loss0: 4.96 g_loss1: 8.96 g_loss2: 6.39 w_loss: 9.93 s_loss: 16.26 kl_loss: 0.18 
errD0: 0.35 errD1: 0.49 errD2: 0.61 
g_loss0: 8.89 g_loss1: 9.49 g_loss2: 6.45 w_loss: 13.08 s_loss: 18.68 kl_loss: 0.13 
[11/600][442]
                  Loss_D: 1.43 Loss_G: 63.24 Time: 716.49s
errD0: 0.36 errD1: 0.79 errD2: 0.63 
g_loss0: 7.93 g_loss1: 5.85 g_loss2: 11.33 w_loss: 14.09 s_loss: 20.53 kl_loss: 0.19 
errD0: 2.50 errD1: 1.97 errD2: 0.61 
g_loss0: 4.04 g_loss1: 3.85 g_loss2: 6.00 w_loss: 11.54 s_loss: 16.20 kl_loss: 0.12 
errD0: 0.51 errD1: 0.39 errD2: 1.58 
g_loss0: 7.63 g_loss1: 12.74 g_loss2: 1.05 w_loss: 14.87 s_loss: 18.61 kl_loss: 0.19 
errD0: 0.55 errD1: 0.95 errD2: 0.69 
g_loss0: 9.94 g_loss1: 9.36 g_loss2: 5.56 w_loss: 11.36 s_loss: 18.58 kl_loss: 0.15 
[12/600][442]
                  Loss_D: 1.08 Loss_G: 61.13 Time: 656.91s
errD0: 0.41 errD1: 0.46 errD2: 0.68 
g_loss0: 7.88 g_loss1: 9.06 g_loss2: 8.73 w_loss: 11.54 s_loss: 21.22 kl_loss: 0.20 
errD0: 0.55 errD1: 0.69 errD2: 0.45 
g_loss0: 16.08 g_loss1: 15.06 g_loss2: 13.08 w_loss: 10.68 s_loss: 18.48 kl_loss: 0.25 
errD0: 0.58 errD1: 0.49 errD2: 0.40 
g_loss0: 2.93 g_loss1: 6.56 g_loss2: 5.30 w_loss: 12.50 s_loss: 16.79 kl_loss: 0.20 
errD0: 0.30 errD1: 1.21 errD2: 0.44 
g_loss0: 8.70 g_loss1: 18.39 g_loss2: 7.77 w_loss: 12.36 s_loss: 19.87 kl_loss: 0.22 
[13/600][442]
                  Loss_D: 1.51 Loss_G: 55.13 Time: 356.56s
errD0: 0.34 errD1: 0.88 errD2: 1.09 
g_loss0: 12.89 g_loss1: 11.93 g_loss2: 7.78 w_loss: 9.56 s_loss: 16.68 kl_loss: 0.20 
errD0: 0.79 errD1: 0.76 errD2: 1.92 
g_loss0: 10.41 g_loss1: 9.74 g_loss2: 23.84 w_loss: 15.49 s_loss: 19.99 kl_loss: 0.20 
errD0: 0.21 errD1: 0.22 errD2: 2.96 
g_loss0: 11.55 g_loss1: 8.92 g_loss2: 1.87 w_loss: 15.34 s_loss: 18.53 kl_loss: 0.15 
errD0: 0.61 errD1: 0.90 errD2: 0.60 
g_loss0: 13.91 g_loss1: 15.99 g_loss2: 9.80 w_loss: 11.65 s_loss: 17.14 kl_loss: 0.15 
errD0: 0.37 errD1: 0.82 errD2: 0.28 
g_loss0: 7.76 g_loss1: 8.49 g_loss2: 6.59 w_loss: 12.69 s_loss: 17.84 kl_loss: 0.18 
[14/600][442]
                  Loss_D: 1.72 Loss_G: 62.41 Time: 327.21s
errD0: 0.64 errD1: 0.74 errD2: 0.84 
g_loss0: 14.57 g_loss1: 4.66 g_loss2: 8.43 w_loss: 10.30 s_loss: 19.29 kl_loss: 0.28 
errD0: 0.76 errD1: 0.58 errD2: 0.47 
g_loss0: 5.99 g_loss1: 12.20 g_loss2: 6.08 w_loss: 14.41 s_loss: 19.32 kl_loss: 0.22 
errD0: 0.54 errD1: 0.25 errD2: 0.82 
g_loss0: 10.75 g_loss1: 9.47 g_loss2: 7.35 w_loss: 9.32 s_loss: 18.76 kl_loss: 0.19 
errD0: 0.58 errD1: 0.60 errD2: 0.70 
g_loss0: 12.83 g_loss1: 8.19 g_loss2: 6.30 w_loss: 11.09 s_loss: 16.37 kl_loss: 0.20 
[15/600][442]
                  Loss_D: 2.07 Loss_G: 67.59 Time: 358.90s
errD0: 0.60 errD1: 0.62 errD2: 0.90 
g_loss0: 8.79 g_loss1: 11.41 g_loss2: 8.73 w_loss: 9.29 s_loss: 17.73 kl_loss: 0.29 
errD0: 0.40 errD1: 0.32 errD2: 0.57 
g_loss0: 10.52 g_loss1: 10.60 g_loss2: 4.83 w_loss: 9.53 s_loss: 16.36 kl_loss: 0.22 
errD0: 0.73 errD1: 0.60 errD2: 0.47 
g_loss0: 8.15 g_loss1: 5.34 g_loss2: 8.77 w_loss: 10.85 s_loss: 16.65 kl_loss: 0.17 
errD0: 0.50 errD1: 0.85 errD2: 0.56 
g_loss0: 12.15 g_loss1: 9.73 g_loss2: 13.11 w_loss: 13.26 s_loss: 16.84 kl_loss: 0.19 
errD0: 0.59 errD1: 0.62 errD2: 3.27 
g_loss0: 9.07 g_loss1: 8.68 g_loss2: 1.14 w_loss: 8.92 s_loss: 16.39 kl_loss: 0.19 
[16/600][442]
                  Loss_D: 2.46 Loss_G: 45.61 Time: 330.72s
errD0: 0.33 errD1: 0.64 errD2: 0.56 
g_loss0: 8.54 g_loss1: 9.14 g_loss2: 7.54 w_loss: 11.40 s_loss: 19.21 kl_loss: 0.20 
errD0: 0.66 errD1: 0.53 errD2: 0.89 
g_loss0: 5.56 g_loss1: 4.03 g_loss2: 2.85 w_loss: 9.52 s_loss: 17.17 kl_loss: 0.17 
errD0: 0.25 errD1: 0.51 errD2: 0.58 
g_loss0: 14.56 g_loss1: 7.95 g_loss2: 6.74 w_loss: 11.21 s_loss: 17.69 kl_loss: 0.17 
errD0: 1.01 errD1: 0.90 errD2: 4.06 
g_loss0: 11.68 g_loss1: 16.32 g_loss2: 0.86 w_loss: 9.72 s_loss: 17.76 kl_loss: 0.19 
[17/600][442]
                  Loss_D: 1.04 Loss_G: 57.93 Time: 330.89s
errD0: 0.29 errD1: 0.57 errD2: 0.57 
g_loss0: 8.64 g_loss1: 10.04 g_loss2: 10.25 w_loss: 13.16 s_loss: 19.28 kl_loss: 0.27 
errD0: 0.46 errD1: 0.52 errD2: 0.85 
g_loss0: 16.77 g_loss1: 14.34 g_loss2: 6.37 w_loss: 12.11 s_loss: 15.29 kl_loss: 0.21 
errD0: 0.21 errD1: 0.50 errD2: 0.52 
g_loss0: 8.04 g_loss1: 7.93 g_loss2: 8.88 w_loss: 15.77 s_loss: 18.16 kl_loss: 0.18 
errD0: 0.36 errD1: 0.44 errD2: 0.82 
g_loss0: 9.42 g_loss1: 6.84 g_loss2: 6.73 w_loss: 11.98 s_loss: 18.37 kl_loss: 0.25 
[18/600][442]
                  Loss_D: 2.50 Loss_G: 58.14 Time: 361.30s
errD0: 0.46 errD1: 0.54 errD2: 0.29 
g_loss0: 7.50 g_loss1: 7.82 g_loss2: 10.03 w_loss: 13.00 s_loss: 16.57 kl_loss: 0.26 
errD0: 0.43 errD1: 0.47 errD2: 0.67 
g_loss0: 11.12 g_loss1: 9.73 g_loss2: 9.63 w_loss: 11.89 s_loss: 18.01 kl_loss: 0.26 
errD0: 0.36 errD1: 0.41 errD2: 0.32 
g_loss0: 5.28 g_loss1: 7.09 g_loss2: 13.46 w_loss: 9.78 s_loss: 14.85 kl_loss: 0.23 
errD0: 0.20 errD1: 0.74 errD2: 2.28 
g_loss0: 8.83 g_loss1: 4.38 g_loss2: 0.39 w_loss: 15.25 s_loss: 20.95 kl_loss: 0.27 
errD0: 0.49 errD1: 0.59 errD2: 0.71 
g_loss0: 10.08 g_loss1: 9.43 g_loss2: 10.95 w_loss: 10.89 s_loss: 17.73 kl_loss: 0.28 
[19/600][442]
                  Loss_D: 3.23 Loss_G: 53.46 Time: 329.90s
errD0: 0.35 errD1: 0.45 errD2: 0.44 
g_loss0: 17.78 g_loss1: 13.49 g_loss2: 6.22 w_loss: 10.73 s_loss: 16.16 kl_loss: 0.22 
errD0: 1.30 errD1: 0.82 errD2: 0.46 
g_loss0: 3.50 g_loss1: 7.51 g_loss2: 10.67 w_loss: 9.06 s_loss: 17.30 kl_loss: 0.26 
errD0: 0.36 errD1: 0.33 errD2: 0.82 
g_loss0: 8.43 g_loss1: 7.86 g_loss2: 12.10 w_loss: 14.94 s_loss: 18.80 kl_loss: 0.27 
errD0: 0.61 errD1: 0.37 errD2: 0.42 
g_loss0: 5.76 g_loss1: 12.86 g_loss2: 6.10 w_loss: 14.60 s_loss: 18.75 kl_loss: 0.25 
[20/600][442]
                  Loss_D: 1.60 Loss_G: 68.97 Time: 361.23s
errD0: 0.58 errD1: 0.75 errD2: 0.62 
g_loss0: 10.22 g_loss1: 7.03 g_loss2: 7.84 w_loss: 11.39 s_loss: 16.82 kl_loss: 0.22 
errD0: 0.65 errD1: 0.64 errD2: 0.58 
g_loss0: 8.87 g_loss1: 15.65 g_loss2: 4.30 w_loss: 10.35 s_loss: 17.59 kl_loss: 0.23 
errD0: 0.54 errD1: 2.91 errD2: 1.46 
g_loss0: 9.99 g_loss1: 14.69 g_loss2: 11.37 w_loss: 10.97 s_loss: 17.28 kl_loss: 0.28 
errD0: 0.90 errD1: 0.71 errD2: 0.39 
g_loss0: 3.26 g_loss1: 5.36 g_loss2: 6.34 w_loss: 12.20 s_loss: 18.77 kl_loss: 0.21 
errD0: 0.50 errD1: 0.47 errD2: 0.18 
g_loss0: 7.05 g_loss1: 8.41 g_loss2: 7.80 w_loss: 11.62 s_loss: 18.51 kl_loss: 0.22 
[21/600][442]
                  Loss_D: 2.34 Loss_G: 47.56 Time: 331.58s
errD0: 0.52 errD1: 1.09 errD2: 1.01 
g_loss0: 11.68 g_loss1: 9.68 g_loss2: 9.56 w_loss: 9.82 s_loss: 17.12 kl_loss: 0.21 
errD0: 0.81 errD1: 0.97 errD2: 0.99 
g_loss0: 12.75 g_loss1: 8.30 g_loss2: 4.19 w_loss: 9.70 s_loss: 17.23 kl_loss: 0.20 
errD0: 0.31 errD1: 2.22 errD2: 0.92 
g_loss0: 8.98 g_loss1: 9.43 g_loss2: 13.28 w_loss: 15.69 s_loss: 18.45 kl_loss: 0.25 
errD0: 0.32 errD1: 0.30 errD2: 0.22 
g_loss0: 12.62 g_loss1: 12.08 g_loss2: 12.97 w_loss: 10.42 s_loss: 15.54 kl_loss: 0.23 
[22/600][442]
                  Loss_D: 2.99 Loss_G: 71.50 Time: 366.07s
errD0: 0.51 errD1: 0.55 errD2: 0.94 
g_loss0: 10.91 g_loss1: 10.32 g_loss2: 5.83 w_loss: 10.74 s_loss: 16.34 kl_loss: 0.23 
errD0: 0.35 errD1: 0.44 errD2: 0.67 
g_loss0: 11.96 g_loss1: 6.13 g_loss2: 8.50 w_loss: 9.18 s_loss: 16.85 kl_loss: 0.27 
errD0: 0.42 errD1: 0.18 errD2: 0.32 
g_loss0: 14.12 g_loss1: 12.48 g_loss2: 9.91 w_loss: 14.99 s_loss: 19.39 kl_loss: 0.30 
errD0: 0.57 errD1: 0.93 errD2: 0.77 
g_loss0: 8.43 g_loss1: 7.26 g_loss2: 8.51 w_loss: 15.19 s_loss: 19.14 kl_loss: 0.24 
errD0: 0.61 errD1: 1.56 errD2: 0.78 
g_loss0: 9.16 g_loss1: 12.51 g_loss2: 12.17 w_loss: 14.08 s_loss: 18.44 kl_loss: 0.23 
[23/600][442]
                  Loss_D: 1.60 Loss_G: 51.96 Time: 336.02s
errD0: 0.32 errD1: 0.26 errD2: 0.31 
g_loss0: 9.20 g_loss1: 16.03 g_loss2: 17.88 w_loss: 13.42 s_loss: 21.33 kl_loss: 0.31 
errD0: 0.22 errD1: 0.67 errD2: 0.31 
g_loss0: 8.80 g_loss1: 9.61 g_loss2: 8.37 w_loss: 11.64 s_loss: 18.18 kl_loss: 0.28 
errD0: 0.25 errD1: 0.51 errD2: 0.78 
g_loss0: 12.37 g_loss1: 10.27 g_loss2: 5.77 w_loss: 14.22 s_loss: 18.69 kl_loss: 0.26 
errD0: 0.35 errD1: 0.57 errD2: 0.87 
g_loss0: 16.29 g_loss1: 17.80 g_loss2: 8.78 w_loss: 13.85 s_loss: 19.86 kl_loss: 0.32 
[24/600][442]
                  Loss_D: 1.82 Loss_G: 59.19 Time: 362.65s
errD0: 0.20 errD1: 0.45 errD2: 0.64 
g_loss0: 8.75 g_loss1: 8.32 g_loss2: 6.73 w_loss: 9.23 s_loss: 16.35 kl_loss: 0.22 
errD0: 0.50 errD1: 0.55 errD2: 0.45 
g_loss0: 14.94 g_loss1: 16.41 g_loss2: 10.39 w_loss: 11.05 s_loss: 18.77 kl_loss: 0.22 
errD0: 1.05 errD1: 0.52 errD2: 2.44 
g_loss0: 6.22 g_loss1: 5.79 g_loss2: 0.36 w_loss: 13.28 s_loss: 18.94 kl_loss: 0.25 
errD0: 0.96 errD1: 1.19 errD2: 0.69 
g_loss0: 2.78 g_loss1: 1.17 g_loss2: 4.58 w_loss: 11.00 s_loss: 16.80 kl_loss: 0.25 
[25/600][442]
                  Loss_D: 2.42 Loss_G: 50.25 Time: 331.25s
errD0: 1.01 errD1: 0.38 errD2: 1.52 
g_loss0: 4.59 g_loss1: 11.37 g_loss2: 1.46 w_loss: 10.43 s_loss: 17.81 kl_loss: 0.26 
errD0: 0.69 errD1: 0.97 errD2: 0.61 
g_loss0: 8.60 g_loss1: 10.49 g_loss2: 13.93 w_loss: 11.50 s_loss: 18.27 kl_loss: 0.34 
errD0: 0.31 errD1: 0.45 errD2: 0.38 
g_loss0: 6.16 g_loss1: 10.36 g_loss2: 9.79 w_loss: 11.18 s_loss: 18.04 kl_loss: 0.28 
errD0: 0.82 errD1: 0.85 errD2: 0.41 
g_loss0: 17.08 g_loss1: 16.79 g_loss2: 10.77 w_loss: 10.58 s_loss: 17.79 kl_loss: 0.37 
errD0: 0.35 errD1: 0.22 errD2: 0.39 
g_loss0: 7.94 g_loss1: 12.82 g_loss2: 8.26 w_loss: 13.30 s_loss: 18.26 kl_loss: 0.31 
[26/600][442]
                  Loss_D: 1.65 Loss_G: 61.09 Time: 356.04s
errD0: 0.57 errD1: 0.58 errD2: 0.66 
g_loss0: 15.11 g_loss1: 11.26 g_loss2: 12.30 w_loss: 9.31 s_loss: 19.59 kl_loss: 0.25 
errD0: 0.57 errD1: 0.24 errD2: 0.17 
g_loss0: 3.34 g_loss1: 11.57 g_loss2: 12.57 w_loss: 12.86 s_loss: 19.65 kl_loss: 0.29 
errD0: 0.22 errD1: 0.58 errD2: 0.46 
g_loss0: 9.15 g_loss1: 9.48 g_loss2: 8.80 w_loss: 11.16 s_loss: 18.88 kl_loss: 0.30 
errD0: 0.39 errD1: 0.49 errD2: 1.19 
g_loss0: 12.10 g_loss1: 14.79 g_loss2: 5.23 w_loss: 10.14 s_loss: 16.65 kl_loss: 0.27 
[27/600][442]
                  Loss_D: 1.12 Loss_G: 57.60 Time: 423.99s
errD0: 0.46 errD1: 0.16 errD2: 0.39 
g_loss0: 4.23 g_loss1: 9.71 g_loss2: 7.71 w_loss: 11.08 s_loss: 18.01 kl_loss: 0.33 
errD0: 0.58 errD1: 0.76 errD2: 0.39 
g_loss0: 9.73 g_loss1: 2.58 g_loss2: 5.67 w_loss: 9.61 s_loss: 16.30 kl_loss: 0.21 
errD0: 0.36 errD1: 0.57 errD2: 0.50 
g_loss0: 14.52 g_loss1: 6.44 g_loss2: 14.28 w_loss: 11.35 s_loss: 17.71 kl_loss: 0.27 
errD0: 0.49 errD1: 0.49 errD2: 0.22 
g_loss0: 11.04 g_loss1: 8.32 g_loss2: 9.43 w_loss: 13.59 s_loss: 20.03 kl_loss: 0.41 
errD0: 1.64 errD1: 1.60 errD2: 2.21 
g_loss0: 18.87 g_loss1: 8.49 g_loss2: 6.71 w_loss: 12.23 s_loss: 20.73 kl_loss: 0.24 
[28/600][442]
                  Loss_D: 2.64 Loss_G: 71.42 Time: 384.86s
errD0: 0.63 errD1: 0.61 errD2: 0.40 
g_loss0: 14.65 g_loss1: 2.51 g_loss2: 12.14 w_loss: 10.99 s_loss: 19.33 kl_loss: 0.40 
errD0: 0.32 errD1: 0.23 errD2: 0.46 
g_loss0: 15.18 g_loss1: 8.33 g_loss2: 14.76 w_loss: 13.20 s_loss: 19.34 kl_loss: 0.32 
errD0: 0.42 errD1: 0.24 errD2: 0.08 
g_loss0: 7.78 g_loss1: 14.84 g_loss2: 8.76 w_loss: 10.73 s_loss: 17.04 kl_loss: 0.28 
errD0: 0.25 errD1: 0.80 errD2: 0.92 
g_loss0: 8.50 g_loss1: 3.02 g_loss2: 1.91 w_loss: 13.01 s_loss: 19.25 kl_loss: 0.36 
[29/600][442]
                  Loss_D: 2.43 Loss_G: 57.06 Time: 420.12s
errD0: 0.66 errD1: 0.61 errD2: 0.33 
g_loss0: 7.31 g_loss1: 9.69 g_loss2: 7.20 w_loss: 15.11 s_loss: 20.83 kl_loss: 0.34 
errD0: 0.28 errD1: 0.14 errD2: 0.59 
g_loss0: 10.79 g_loss1: 16.88 g_loss2: 5.88 w_loss: 13.65 s_loss: 17.89 kl_loss: 0.26 
errD0: 0.58 errD1: 0.30 errD2: 0.51 
g_loss0: 12.66 g_loss1: 15.70 g_loss2: 6.79 w_loss: 12.04 s_loss: 17.42 kl_loss: 0.28 
errD0: 0.51 errD1: 0.76 errD2: 0.49 
g_loss0: 12.15 g_loss1: 9.85 g_loss2: 6.27 w_loss: 11.85 s_loss: 19.62 kl_loss: 0.30 
errD0: 0.20 errD1: 0.42 errD2: 0.69 
g_loss0: 15.65 g_loss1: 5.16 g_loss2: 9.50 w_loss: 11.85 s_loss: 20.58 kl_loss: 0.28 
[30/600][442]
                  Loss_D: 0.83 Loss_G: 51.15 Time: 344.92s
